<?xml version="1.0" encoding="UTF-8"?>
<testsuite name="clofi.codeython.problem.core.service.ProblemServiceTest" tests="9" skipped="0" failures="0" errors="0" timestamp="2025-01-01T13:57:48" hostname="gwonjihwan-ui-Macmini.local" time="0.116">
  <properties/>
  <testcase name="문제조회 - 등록된 문제가 없으면 빈 리스트가 반환된다." classname="clofi.codeython.problem.core.service.ProblemServiceTest" time="0.01"/>
  <testcase name="문제 목록 조회" classname="clofi.codeython.problem.core.service.ProblemServiceTest" time="0.028"/>
  <testcase name="문제 상세 조회" classname="clofi.codeython.problem.core.service.ProblemServiceTest" time="0.015"/>
  <testcase name="문제 목록 조회 시 플레이 여부와 가장 높은 정확도가 표시된다." classname="clofi.codeython.problem.core.service.ProblemServiceTest" time="0.018"/>
  <testcase name="최근에 푼 문제의 기록을 갖고 올 수 있다." classname="clofi.codeython.problem.core.service.ProblemServiceTest" time="0.013"/>
  <testcase name="문제 제목 중복" classname="clofi.codeython.problem.core.service.ProblemServiceTest" time="0.005"/>
  <testcase name="문제 등록" classname="clofi.codeython.problem.core.service.ProblemServiceTest" time="0.009"/>
  <testcase name="언어 지원" classname="clofi.codeython.problem.core.service.ProblemServiceTest" time="0.002"/>
  <testcase name="문제 상세 조회 시 가장 최근에 제출한 코드가 베이스 코드에 표시된다." classname="clofi.codeython.problem.core.service.ProblemServiceTest" time="0.011"/>
  <system-out><![CDATA[2025-01-01T22:57:48.790+09:00  INFO 2180 --- [    Test worker] t.c.s.AnnotationConfigContextLoaderUtils : Could not detect default configuration classes for test class [clofi.codeython.problem.core.service.ProblemServiceTest]: ProblemServiceTest does not declare any static, non-private, non-final, nested classes annotated with @Configuration.
2025-01-01T22:57:48.795+09:00  INFO 2180 --- [    Test worker] .b.t.c.SpringBootTestContextBootstrapper : Found @SpringBootConfiguration clofi.codeython.CodeythonApplication for test class clofi.codeython.problem.core.service.ProblemServiceTest
]]></system-out>
  <system-err><![CDATA[]]></system-err>
</testsuite>
