<?xml version="1.0" encoding="UTF-8"?>
<testsuite name="clofi.codeython.member.service.MemberServiceTest" tests="6" skipped="0" failures="0" errors="0" timestamp="2025-01-01T13:57:48" hostname="gwonjihwan-ui-Macmini.local" time="0.199">
  <properties/>
  <testcase name="사용자의 정보를 조회할 수 있다." classname="clofi.codeython.member.service.MemberServiceTest" time="0.095"/>
  <testcase name="닉네임, 아이디, 비밀번호를 입력하면 회원가입을 할 수 있다." classname="clofi.codeython.member.service.MemberServiceTest" time="0.073"/>
  <testcase name="랭킹을 조회할 수 있다." classname="clofi.codeython.member.service.MemberServiceTest" time="0.009"/>
  <testcase name="닉네임을 업데이트할 수 있다." classname="clofi.codeython.member.service.MemberServiceTest" time="0.009"/>
  <testcase name="닉네임이 겹칠 시 예외가 발생한다." classname="clofi.codeython.member.service.MemberServiceTest" time="0.005"/>
  <testcase name="아이디가 겹칠 시 예외가 발생한다." classname="clofi.codeython.member.service.MemberServiceTest" time="0.004"/>
  <system-out><![CDATA[2025-01-01T22:57:48.581+09:00  INFO 2180 --- [    Test worker] t.c.s.AnnotationConfigContextLoaderUtils : Could not detect default configuration classes for test class [clofi.codeython.member.service.MemberServiceTest]: MemberServiceTest does not declare any static, non-private, non-final, nested classes annotated with @Configuration.
2025-01-01T22:57:48.587+09:00  INFO 2180 --- [    Test worker] .b.t.c.SpringBootTestContextBootstrapper : Found @SpringBootConfiguration clofi.codeython.CodeythonApplication for test class clofi.codeython.member.service.MemberServiceTest
]]></system-out>
  <system-err><![CDATA[]]></system-err>
</testsuite>
