<?xml version="1.0" encoding="UTF-8"?>
<testsuite name="clofi.codeython.room.service.RoomServiceTest" tests="5" skipped="0" failures="0" errors="0" timestamp="2025-01-01T13:57:51" hostname="gwonjihwan-ui-Macmini.local" time="0.031">
  <properties/>
  <testcase name="인원 제한 수가 2,4,6이 아닐 경우 예외" classname="clofi.codeython.room.service.RoomServiceTest" time="0.004"/>
  <testcase name="비밀번호가 4자리가 아닐경우 예외 발생" classname="clofi.codeython.room.service.RoomServiceTest" time="0.004"/>
  <testcase name="비밀번호가 숫자가 아닐경우 예외 발생" classname="clofi.codeython.room.service.RoomServiceTest" time="0.004"/>
  <testcase name="경기장 생성" classname="clofi.codeython.room.service.RoomServiceTest" time="0.005"/>
  <testcase name="경기장 리스트 조회" classname="clofi.codeython.room.service.RoomServiceTest" time="0.011"/>
  <system-out><![CDATA[2025-01-01T22:57:51.228+09:00  INFO 2180 --- [    Test worker] t.c.s.AnnotationConfigContextLoaderUtils : Could not detect default configuration classes for test class [clofi.codeython.room.service.RoomServiceTest]: RoomServiceTest does not declare any static, non-private, non-final, nested classes annotated with @Configuration.
2025-01-01T22:57:51.231+09:00  INFO 2180 --- [    Test worker] .b.t.c.SpringBootTestContextBootstrapper : Found @SpringBootConfiguration clofi.codeython.CodeythonApplication for test class clofi.codeython.room.service.RoomServiceTest
]]></system-out>
  <system-err><![CDATA[]]></system-err>
</testsuite>
